<?xml version="1.0" encoding="UTF-8" ?>
<testsuites>
 <testsuite name="MengjinZone End to End Tests" timestamp="2016-03-24T22:29:34" hostname="localhost" time="21.36" errors="0" tests="11" skipped="0" disabled="0" failures="0">
  <testcase classname="MengjinZone End to End Tests" name="could register a new user" time="2.85" />
  <testcase classname="MengjinZone End to End Tests" name="could log in as your test user" time="1.177" />
  <testcase classname="MengjinZone End to End Tests" name="could create a new post" time="2.017" />
  <testcase classname="MengjinZone End to End Tests" name="could update status" time="1.813" />
  <testcase classname="MengjinZone End to End Tests" name="could add a following" time="2.061" />
  <testcase classname="MengjinZone End to End Tests" name="could remove a following" time="2.821" />
  <testcase classname="MengjinZone End to End Tests" name="could search a specific post" time="1.389" />
  <testcase classname="MengjinZone End to End Tests" name="could successfully direct to the profile view" time="1.454" />
  <testcase classname="MengjinZone End to End Tests" name="could update email in profile" time="1.731" />
  <testcase classname="MengjinZone End to End Tests" name="could update zipcode in profile" time="1.6" />
  <testcase classname="MengjinZone End to End Tests" name="could update password, and an alert will comes out" time="2.444" />
 </testsuite>
</testsuites>